<?xml version="1.0" encoding="UTF-8"?>
<testng-results ignored="0" total="1" passed="1" failed="0" skipped="0">
  <reporter-output>
  </reporter-output>
  <suite started-at="2024-10-27T22:46:21 IST" name="Default suite" finished-at="2024-10-27T22:46:23 IST" duration-ms="2273">
    <groups>
    </groups>
    <test started-at="2024-10-27T22:46:21 IST" name="Default test" finished-at="2024-10-27T22:46:23 IST" duration-ms="2273">
      <class name="api.practice.GetApiRequest">
        <test-method signature="getRequest()[pri:0, instance:api.practice.GetApiRequest@909217e]" started-at="2024-10-27T22:46:21 IST" name="getRequest" finished-at="2024-10-27T22:46:23 IST" duration-ms="2160" status="PASS">
          <reporter-output>
          </reporter-output>
        </test-method> <!-- getRequest -->
      </class> <!-- api.practice.GetApiRequest -->
    </test> <!-- Default test -->
  </suite> <!-- Default suite -->
</testng-results>
